This is pdfTeX, Version 3.14159265-2.6-1.40.21 (TeX Live 2020) (preloaded format=pdflatex 2021.2.3)  27 JUL 2021 12:39
entering extended mode
 restricted \write18 enabled.
 %&-line parsing enabled.
**isea.tex
(./isea.tex
LaTeX2e <2020-02-02> patch level 5
L3 programming layer <2020-04-06>
(/usr/share/texlive/texmf-dist/tex/latex/base/article.cls
Document Class: article 2019/12/20 v1.4l Standard LaTeX document class
(/usr/share/texlive/texmf-dist/tex/latex/base/size10.clo
File: size10.clo 2019/12/20 v1.4l Standard LaTeX file (size option)
)
\c@part=\count167
\c@section=\count168
\c@subsection=\count169
\c@subsubsection=\count170
\c@paragraph=\count171
\c@subparagraph=\count172
\c@figure=\count173
\c@table=\count174
\abovecaptionskip=\skip47
\belowcaptionskip=\skip48
\bibindent=\dimen134
) (./isea.sty
Conference Style for ISEA 2015 for LaTeX 2e -- version of 2nd, December 2014
\titlebox=\skip49
) (/usr/share/texlive/texmf-dist/tex/latex/graphics/graphicx.sty
Package: graphicx 2019/11/30 v1.2a Enhanced LaTeX Graphics (DPC,SPQR)

(/usr/share/texlive/texmf-dist/tex/latex/graphics/keyval.sty
Package: keyval 2014/10/28 v1.15 key=value parser (DPC)
\KV@toks@=\toks15
)
(/usr/share/texlive/texmf-dist/tex/latex/graphics/graphics.sty
Package: graphics 2019/11/30 v1.4a Standard LaTeX Graphics (DPC,SPQR)

(/usr/share/texlive/texmf-dist/tex/latex/graphics/trig.sty
Package: trig 2016/01/03 v1.10 sin cos tan (DPC)
)
(/usr/share/texlive/texmf-dist/tex/latex/graphics-cfg/graphics.cfg
File: graphics.cfg 2016/06/04 v1.11 sample graphics configuration
)
Package graphics Info: Driver file: pdftex.def on input line 105.

(/usr/share/texlive/texmf-dist/tex/latex/graphics-def/pdftex.def
File: pdftex.def 2018/01/08 v1.0l Graphics/color driver for pdftex
))
\Gin@req@height=\dimen135
\Gin@req@width=\dimen136
)
(/usr/share/texlive/texmf-dist/tex/latex/psnfss/times.sty
Package: times 2020/03/25 PSNFSS-v9.3 (SPQR) 
)
(/usr/share/texlive/texmf-dist/tex/latex/psnfss/helvet.sty
Package: helvet 2020/03/25 PSNFSS-v9.3 (WaS) 
)
(/usr/share/texlive/texmf-dist/tex/latex/psnfss/courier.sty
Package: courier 2020/03/25 PSNFSS-v9.3 (WaS) 
)
(/usr/share/texlive/texmf-dist/tex/latex/natbib/natbib.sty
Package: natbib 2010/09/13 8.31b (PWD, AO)
\bibhang=\skip50
\bibsep=\skip51
LaTeX Info: Redefining \cite on input line 694.
LaTeX Info: Redefining \citeauthor on input line 712.
LaTeX Info: Redefining \citeyear on input line 735.
\c@NAT@ctr=\count175
)
(/usr/share/texlive/texmf-dist/tex/latex/float/float.sty
Package: float 2001/11/08 v1.3d Float enhancements (AL)
\c@float@type=\count176
\float@exts=\toks16
\float@box=\box45
\@float@everytoks=\toks17
\@floatcapt=\box46
)
(/usr/share/texlive/texmf-dist/tex/latex/l3backend/l3backend-pdfmode.def
File: l3backend-pdfmode.def 2020-03-12 L3 backend support: PDF mode
\l__kernel_color_stack_int=\count177
\l__pdf_internal_box=\box47
)
(./isea.aux)
\openout1 = `isea.aux'.

LaTeX Font Info:    Checking defaults for OML/cmm/m/it on input line 26.
LaTeX Font Info:    ... okay on input line 26.
LaTeX Font Info:    Checking defaults for OMS/cmsy/m/n on input line 26.
LaTeX Font Info:    ... okay on input line 26.
LaTeX Font Info:    Checking defaults for OT1/cmr/m/n on input line 26.
LaTeX Font Info:    ... okay on input line 26.
LaTeX Font Info:    Checking defaults for T1/cmr/m/n on input line 26.
LaTeX Font Info:    ... okay on input line 26.
LaTeX Font Info:    Checking defaults for TS1/cmr/m/n on input line 26.
LaTeX Font Info:    ... okay on input line 26.
LaTeX Font Info:    Checking defaults for OMX/cmex/m/n on input line 26.
LaTeX Font Info:    ... okay on input line 26.
LaTeX Font Info:    Checking defaults for U/cmr/m/n on input line 26.
LaTeX Font Info:    ... okay on input line 26.
LaTeX Font Info:    Trying to load font information for OT1+ptm on input line 2
6.
 (/usr/share/texlive/texmf-dist/tex/latex/psnfss/ot1ptm.fd
File: ot1ptm.fd 2001/06/04 font definitions for OT1/ptm.
)
(/usr/share/texlive/texmf-dist/tex/context/base/mkii/supp-pdf.mkii
[Loading MPS to PDF converter (version 2006.09.02).]
\scratchcounter=\count178
\scratchdimen=\dimen137
\scratchbox=\box48
\nofMPsegments=\count179
\nofMParguments=\count180
\everyMPshowfont=\toks18
\MPscratchCnt=\count181
\MPscratchDim=\dimen138
\MPnumerator=\count182
\makeMPintoPDFobject=\count183
\everyMPtoPDFconversion=\toks19
) (/usr/share/texlive/texmf-dist/tex/latex/epstopdf-pkg/epstopdf-base.sty
Package: epstopdf-base 2020-01-24 v2.11 Base part for package epstopdf
Package epstopdf-base Info: Redefining graphics rule for `.eps' on input line 4
85.

(/usr/share/texlive/texmf-dist/tex/latex/latexconfig/epstopdf-sys.cfg
File: epstopdf-sys.cfg 2010/07/13 v1.3 Configuration of (r)epstopdf for TeX Liv
e
))
LaTeX Font Info:    External font `cmex10' loaded for size
(Font)              <7> on input line 27.
LaTeX Font Info:    External font `cmex10' loaded for size
(Font)              <5> on input line 27.
<ECMP.png, id=1, 1326.9575pt x 424.58624pt>
File: ECMP.png Graphic file (type png)
<use ECMP.png>
Package pdftex.def Info: ECMP.png  used on input line 54.
(pdftex.def)             Requested size: 505.89pt x 161.86922pt.


LaTeX Warning: `h' float specifier changed to `ht'.

<hash-threshold-disruption.png, id=3, 143.0946pt x 95.8782pt>
File: hash-threshold-disruption.png Graphic file (type png)
<use hash-threshold-disruption.png>
Package pdftex.def Info: hash-threshold-disruption.png  used on input line 78.
(pdftex.def)             Requested size: 239.21352pt x 160.2813pt.
[1{/usr/share/texlive/texmf-dist/fonts/map/pdftex/updmap/pdftex.map}



 <./hash-threshold-disruption.png>]
<reshash-stable.png, id=12, 143.0946pt x 51.7935pt>
File: reshash-stable.png Graphic file (type png)
<use reshash-stable.png>
Package pdftex.def Info: reshash-stable.png  used on input line 113.
(pdftex.def)             Requested size: 239.21352pt x 86.58412pt.
<reshash-removal.png, id=13, 143.0946pt x 51.7935pt>
File: reshash-removal.png Graphic file (type png)
<use reshash-removal.png>
Package pdftex.def Info: reshash-removal.png  used on input line 128.
(pdftex.def)             Requested size: 239.21352pt x 86.58412pt.
<reshash-addition.png, id=14, 143.0946pt x 51.7935pt>
File: reshash-addition.png Graphic file (type png)
<use reshash-addition.png>
Package pdftex.def Info: reshash-addition.png  used on input line 142.
(pdftex.def)             Requested size: 239.21352pt x 86.58412pt.
 [2 <./ECMP.png> <./reshash-stable.png> <./reshash-removal.png> <./reshash-addi
tion.png>]
LaTeX Font Info:    Trying to load font information for TS1+ptm on input line 1
92.

(/usr/share/texlive/texmf-dist/tex/latex/psnfss/ts1ptm.fd
File: ts1ptm.fd 2001/06/04 font definitions for TS1/ptm.
)
LaTeX Font Info:    Trying to load font information for OT1+pcr on input line 2
29.

(/usr/share/texlive/texmf-dist/tex/latex/psnfss/ot1pcr.fd
File: ot1pcr.fd 2001/06/04 font definitions for OT1/pcr.
)
Underfull \hbox (badness 10000) in paragraph at lines 291--294
[]\OT1/ptm/m/n/10 The \OT1/pcr/m/n/10 unbalanced[]time \OT1/ptm/m/n/10 (as op-p
osed to
 []


Underfull \hbox (badness 1867) in paragraph at lines 291--294
\OT1/pcr/m/n/10 unbalanced[]timer\OT1/ptm/m/n/10 ) shows the amount of time tha
t
 []

[3]
Underfull \hbox (badness 3826) in paragraph at lines 342--348
[]\OT1/ptm/m/n/10 The sec-ond prong is a proac-tive re-port-ing by the
 []

<nexthop_res_grp_activity_update.png, id=27, 1477.52pt x 928.46875pt>
File: nexthop_res_grp_activity_update.png Graphic file (type png)
<use nexthop_res_grp_activity_update.png>
Package pdftex.def Info: nexthop_res_grp_activity_update.png  used on input lin
e 350.
(pdftex.def)             Requested size: 239.21352pt x 150.31477pt.

Underfull \hbox (badness 10000) in paragraph at lines 353--353
[]\OT1/ptm/m/n/10 Figure 6: Driver pe-ri-od-i-cally calls
 []


Underfull \hbox (badness 10000) in paragraph at lines 353--353
\OT1/pcr/m/n/10 nexthop[]res[]grp[]activity[]update() \OT1/ptm/m/n/10 to keep
 []


Underfull \hbox (badness 10000) in paragraph at lines 379--385
\OT1/pcr/m/n/10 /netdevsimX/fib/nexthop[]bucket[]activity\OT1/ptm/m/n/10 .
 []


Overfull \hbox (35.45804pt too wide) in paragraph at lines 379--385
\OT1/ptm/m/n/10 An-other in-ter-face, \OT1/pcr/m/n/10 .../fib/fail[]nexthop[]bu
cket[]replace\OT1/ptm/m/n/10 ,
 []

(./isea.bbl) [4 <./nexthop_res_grp_activity_update.png>] (./isea.aux) ) 
Here is how much of TeX's memory you used:
 1731 strings out of 482555
 24790 string characters out of 5952146
 264550 words of memory out of 5000000
 17370 multiletter control sequences out of 15000+600000
 546046 words of font info for 44 fonts, out of 8000000 for 9000
 14 hyphenation exceptions out of 8191
 30i,10n,30p,343b,246s stack positions out of 5000i,500n,10000p,200000b,80000s
{/usr/sh
are/texlive/texmf-dist/fonts/enc/dvips/base/8r.enc}</usr/share/texlive/texmf-di
st/fonts/type1/urw/courier/ucrr8a.pfb></usr/share/texlive/texmf-dist/fonts/type
1/urw/times/utmb8a.pfb></usr/share/texlive/texmf-dist/fonts/type1/urw/times/utm
r8a.pfb></usr/share/texlive/texmf-dist/fonts/type1/urw/times/utmri8a.pfb>
Output written on isea.pdf (4 pages, 235625 bytes).
PDF statistics:
 47 PDF objects out of 1000 (max. 8388607)
 24 compressed objects within 1 object stream
 0 named destinations out of 1000 (max. 500000)
 31 words of extra memory for PDF output out of 10000 (max. 10000000)

